\BOOKMARK [0][-]{chapter.1}{Om\363wienie funkcyjnego paradygmatu programowania}{}% 1
\BOOKMARK [1][-]{section.1.1}{Czym jest paradygmat programowania}{chapter.1}% 2
\BOOKMARK [1][-]{section.1.2}{Cechy paradygmatu funkcyjnego}{chapter.1}% 3
\BOOKMARK [1][-]{section.1.3}{Dlaczego paradygmat funkcyjny?}{chapter.1}% 4
\BOOKMARK [1][-]{section.1.4}{Domkniecia i wyrazenia lambda jako spos\363b realizacji paradygmatu}{chapter.1}% 5
\BOOKMARK [1][-]{section.1.5}{Kolekcje jako strumienie danych}{chapter.1}% 6
\BOOKMARK [0][-]{chapter.2}{Zalety programowania funkcyjnego w rozwiazaniach praktycznych}{}% 7
\BOOKMARK [1][-]{section.2.1}{Podstawowe problemy i zadania w programowaniu aplikacji biznesowych}{chapter.2}% 8
\BOOKMARK [1][-]{section.2.2}{Por\363wnanie r\363znic podejscia funkcyjnego i imperatywnego w rozwiazywaniu problem\363w}{chapter.2}% 9
\BOOKMARK [1][-]{section.2.3}{Analiza przyk\233adowych rozwiazan w przypadku r\363znych paradygmat\363w}{chapter.2}% 10
\BOOKMARK [0][-]{chapter.3}{Realizacje w r\363znych jezykach}{}% 11
\BOOKMARK [1][-]{section.3.1}{Realizacja paradygmatu w jezyku JavaScript}{chapter.3}% 12
\BOOKMARK [1][-]{section.3.2}{Opis podstawowych operacji funkcyjnych}{chapter.3}% 13
\BOOKMARK [1][-]{section.3.3}{Realizacja paradygmatu w jezyku C\043}{chapter.3}% 14
\BOOKMARK [1][-]{section.3.4}{Realizacja paradygmatu w jezyku Java}{chapter.3}% 15
\BOOKMARK [1][-]{section.3.5}{Realizacja paradygmatu w jezyku C++}{chapter.3}% 16
\BOOKMARK [0][-]{chapter.4}{Prezentacja opracowanego rozwiazania}{}% 17
\BOOKMARK [1][-]{section.4.1}{Kod zr\363d\233owy}{chapter.4}% 18
\BOOKMARK [1][-]{section.4.2}{Opis zakresu mozliwosci przygotowanego rozwiazania}{chapter.4}% 19
\BOOKMARK [1][-]{section.4.3}{Por\363wnanie przygotowanego API z istniejacymi w innych jezykach}{chapter.4}% 20
\BOOKMARK [1][-]{section.4.4}{Testy weryfikujace wydajnosc rozwiazania wzgledem natywnego jezyka C++}{chapter.4}% 21
\BOOKMARK [1][-]{section.4.5}{Ocena ergonomii przygotowanego rozwiazania}{chapter.4}% 22
